{
  "stats": {
    "suites": 1,
    "tests": 1,
    "passes": 1,
    "pending": 0,
    "failures": 0,
    "start": "2023-12-03T03:39:45.296Z",
    "end": "2023-12-03T03:40:03.483Z",
    "duration": 18187,
    "testsRegistered": 1,
    "passPercent": 100,
    "pendingPercent": 0,
    "other": 0,
    "hasOther": false,
    "skipped": 0,
    "hasSkipped": false
  },
  "results": [
    {
      "uuid": "c59b2bf8-c107-4ec6-9aa4-90e8240492a8",
      "title": "",
      "fullFile": "cypress\\e2e\\testsE2E\\Add to cart from Recommended items.cy.js",
      "file": "cypress\\e2e\\testsE2E\\Add to cart from Recommended items.cy.js",
      "beforeHooks": [],
      "afterHooks": [],
      "tests": [],
      "suites": [
        {
          "uuid": "490f77bc-4a03-4340-9d49-d5b0fcf38802",
          "title": "Add to cart from Recommended items",
          "fullFile": "",
          "file": "",
          "beforeHooks": [],
          "afterHooks": [],
          "tests": [
            {
              "title": "Add to cart from Recommended items",
              "fullTitle": "Add to cart from Recommended items Add to cart from Recommended items",
              "timedOut": null,
              "duration": 15437,
              "state": "passed",
              "speed": "slow",
              "pass": true,
              "fail": false,
              "pending": false,
              "context": null,
              "code": "visitHomePage();\ncy.get(\".recommended_items\").scrollTo(\"bottom\", {\n  ensureScrollable: false\n}).get(\".recommended_items\").should(\"contain\", \"recommended items\");\ncy.get(\".recommended_items\").find('[data-product-id=\"1\"]').contains(\"Add to cart\").click({\n  force: true\n}).wait(3000).get('[href=\"/view_cart\"]').contains(\"View Cart\").click();\ncy.get(\"#cart_info\").find(\"#product-1\").should(\"exist\");",
              "err": {},
              "uuid": "fa0e8491-58d0-4f92-a0d0-da705335d254",
              "parentUUID": "490f77bc-4a03-4340-9d49-d5b0fcf38802",
              "isHook": false,
              "skipped": false
            }
          ],
          "suites": [],
          "passes": [
            "fa0e8491-58d0-4f92-a0d0-da705335d254"
          ],
          "failures": [],
          "pending": [],
          "skipped": [],
          "duration": 15437,
          "root": false,
          "rootEmpty": false,
          "_timeout": 2000
        }
      ],
      "passes": [],
      "failures": [],
      "pending": [],
      "skipped": [],
      "duration": 0,
      "root": true,
      "rootEmpty": true,
      "_timeout": 2000
    }
  ],
  "meta": {
    "mocha": {
      "version": "7.0.1"
    },
    "mochawesome": {
      "options": {
        "quiet": false,
        "reportFilename": "mochawesome",
        "saveHtml": false,
        "saveJson": true,
        "consoleReporter": "spec",
        "useInlineDiffs": false,
        "code": true
      },
      "version": "7.1.3"
    },
    "marge": {
      "options": {
        "id": "default",
        "reportDir": "cypress/reports/mocha",
        "quite": true,
        "overwrite": false,
        "html": false,
        "json": true
      },
      "version": "6.2.0"
    }
  }
}