{
  "stats": {
    "suites": 1,
    "tests": 1,
    "passes": 1,
    "pending": 0,
    "failures": 0,
    "start": "2023-12-03T03:52:55.857Z",
    "end": "2023-12-03T03:53:11.793Z",
    "duration": 15936,
    "testsRegistered": 1,
    "passPercent": 100,
    "pendingPercent": 0,
    "other": 0,
    "hasOther": false,
    "skipped": 0,
    "hasSkipped": false
  },
  "results": [
    {
      "uuid": "72143e03-79ca-49e7-a40d-8f49c0632476",
      "title": "",
      "fullFile": "cypress\\e2e\\testsE2E\\View Category Products.cy.js",
      "file": "cypress\\e2e\\testsE2E\\View Category Products.cy.js",
      "beforeHooks": [],
      "afterHooks": [],
      "tests": [],
      "suites": [
        {
          "uuid": "34ad1c69-fbc2-47f1-8987-7c1c1ec8c6e8",
          "title": "View category products",
          "fullFile": "",
          "file": "",
          "beforeHooks": [],
          "afterHooks": [],
          "tests": [
            {
              "title": "View category products",
              "fullTitle": "View category products View category products",
              "timedOut": null,
              "duration": 13216,
              "state": "passed",
              "speed": "slow",
              "pass": true,
              "fail": false,
              "pending": false,
              "context": null,
              "code": "visitHomePage();\ncy.get(\".left-sidebar\").should(\"contain\", \"Category\").get(\"#accordian\").contains(\" Women \").click();\ncy.get(\".panel-body\").contains(\"Dress\").click();\ncy.get(\".features_items\").should(\"contain\", \"Women - Dress Products\").get(\"#accordian\").contains(\" Men \").click().get(\".panel-body\").contains(\"Jeans\").click().get(\".features_items\").should(\"contain\", \"Men - Jeans Products\");",
              "err": {},
              "uuid": "04769bcf-959e-403f-9ea0-15a806a325fa",
              "parentUUID": "34ad1c69-fbc2-47f1-8987-7c1c1ec8c6e8",
              "isHook": false,
              "skipped": false
            }
          ],
          "suites": [],
          "passes": [
            "04769bcf-959e-403f-9ea0-15a806a325fa"
          ],
          "failures": [],
          "pending": [],
          "skipped": [],
          "duration": 13216,
          "root": false,
          "rootEmpty": false,
          "_timeout": 2000
        }
      ],
      "passes": [],
      "failures": [],
      "pending": [],
      "skipped": [],
      "duration": 0,
      "root": true,
      "rootEmpty": true,
      "_timeout": 2000
    }
  ],
  "meta": {
    "mocha": {
      "version": "7.0.1"
    },
    "mochawesome": {
      "options": {
        "quiet": false,
        "reportFilename": "mochawesome",
        "saveHtml": false,
        "saveJson": true,
        "consoleReporter": "spec",
        "useInlineDiffs": false,
        "code": true
      },
      "version": "7.1.3"
    },
    "marge": {
      "options": {
        "id": "default",
        "reportDir": "cypress/reports/mocha",
        "quite": true,
        "overwrite": false,
        "html": false,
        "json": true
      },
      "version": "6.2.0"
    }
  }
}