{
  "stats": {
    "suites": 1,
    "tests": 1,
    "passes": 1,
    "pending": 0,
    "failures": 0,
    "start": "2023-12-03T03:48:07.328Z",
    "end": "2023-12-03T03:48:34.009Z",
    "duration": 26681,
    "testsRegistered": 1,
    "passPercent": 100,
    "pendingPercent": 0,
    "other": 0,
    "hasOther": false,
    "skipped": 0,
    "hasSkipped": false
  },
  "results": [
    {
      "uuid": "cf3a66a6-2ff9-46e8-8ab5-313683b3485b",
      "title": "",
      "fullFile": "cypress\\e2e\\testsE2E\\Remove Products From Cart.cy.js",
      "file": "cypress\\e2e\\testsE2E\\Remove Products From Cart.cy.js",
      "beforeHooks": [],
      "afterHooks": [],
      "tests": [],
      "suites": [
        {
          "uuid": "98949794-498c-44e7-a322-4111e02a0d31",
          "title": "Remove products from cart",
          "fullFile": "",
          "file": "",
          "beforeHooks": [],
          "afterHooks": [],
          "tests": [
            {
              "title": "Remove Products From Cart",
              "fullTitle": "Remove products from cart Remove Products From Cart",
              "timedOut": null,
              "duration": 24408,
              "state": "passed",
              "speed": "slow",
              "pass": true,
              "fail": false,
              "pending": false,
              "context": null,
              "code": "visitHomePage();\naddProductsToCart();\ncy.get(\"#product-1\").find(\".cart_quantity_delete\").first().click();\ncy.get(\"#product-2\").find(\".cart_quantity_delete\").click();\ncy.get(\".container\").should(\"not.contain.class\", \".cart_quantity_delete\");",
              "err": {},
              "uuid": "772281c4-4afa-4578-847b-f958f6260893",
              "parentUUID": "98949794-498c-44e7-a322-4111e02a0d31",
              "isHook": false,
              "skipped": false
            }
          ],
          "suites": [],
          "passes": [
            "772281c4-4afa-4578-847b-f958f6260893"
          ],
          "failures": [],
          "pending": [],
          "skipped": [],
          "duration": 24408,
          "root": false,
          "rootEmpty": false,
          "_timeout": 2000
        }
      ],
      "passes": [],
      "failures": [],
      "pending": [],
      "skipped": [],
      "duration": 0,
      "root": true,
      "rootEmpty": true,
      "_timeout": 2000
    }
  ],
  "meta": {
    "mocha": {
      "version": "7.0.1"
    },
    "mochawesome": {
      "options": {
        "quiet": false,
        "reportFilename": "mochawesome",
        "saveHtml": false,
        "saveJson": true,
        "consoleReporter": "spec",
        "useInlineDiffs": false,
        "code": true
      },
      "version": "7.1.3"
    },
    "marge": {
      "options": {
        "id": "default",
        "reportDir": "cypress/reports/mocha",
        "quite": true,
        "overwrite": false,
        "html": false,
        "json": true
      },
      "version": "6.2.0"
    }
  }
}