{
  "stats": {
    "suites": 1,
    "tests": 1,
    "passes": 1,
    "pending": 0,
    "failures": 0,
    "start": "2023-12-03T03:45:43.957Z",
    "end": "2023-12-03T03:46:58.518Z",
    "duration": 74561,
    "testsRegistered": 1,
    "passPercent": 100,
    "pendingPercent": 0,
    "other": 0,
    "hasOther": false,
    "skipped": 0,
    "hasSkipped": false
  },
  "results": [
    {
      "uuid": "f62f86ad-c1d7-44b2-9043-6c9cce5b5d8c",
      "title": "",
      "fullFile": "cypress\\e2e\\testsE2E\\Place Order Register while Checkout.cy.js",
      "file": "cypress\\e2e\\testsE2E\\Place Order Register while Checkout.cy.js",
      "beforeHooks": [],
      "afterHooks": [],
      "tests": [],
      "suites": [
        {
          "uuid": "98d404cf-6413-477b-89a7-6b6e18fcdd63",
          "title": "Place your order and register while checking out",
          "fullFile": "",
          "file": "",
          "beforeHooks": [],
          "afterHooks": [],
          "tests": [
            {
              "title": "place order register while check out",
              "fullTitle": "Place your order and register while checking out place order register while check out",
              "timedOut": null,
              "duration": 72274,
              "state": "passed",
              "speed": "slow",
              "pass": true,
              "fail": false,
              "pending": false,
              "context": null,
              "code": "addProductsToCart();\ncy.get(\"#do_action\").contains(\"Proceed To Checkout\").click().get(\".modal-body\").find('[href=\"/login\"]').click();\ncreateAccount(\"da5775u@gmil.com\", \"da6337975564ovv\");\ncy.get(\".container\").contains(\"Cart\").click().get(\"#do_action\").contains(\"Proceed To Checkout\").click();\ncy.get(\".container\").find(\".heading\").should(\"contain\", \"Address Details\");\ncy.get(\"#address_delivery\").should(\"contain\", \"Dalibor Ivanovic\").should(\"contain\", \"2branddesign\").should(\"contain\", \"Oplenacka 1\").should(\"contain\", \"Krusevac\").should(\"contain\", \"Serbia\").should(\"contain\", \"37000\");\ncy.get(\"#ordermsg\").find(\".form-control\").type(\"Here is my msg\").get('[href=\"/payment\"]').click();\ncy.get(\".container\").find(\".heading\").should(\"contain\", \"Payment\");\ncy.get(\"#payment-form\").then(paymentForm => {\n  cy.wrap(paymentForm).find('[name=\"name_on_card\"]').type(\"Dalibor Ivanovic\");\n  cy.wrap(paymentForm).find('[name=\"card_number\"]').type(\"123456789101112\");\n  cy.wrap(paymentForm).find('[name=\"cvc\"]').type(\"553\");\n  cy.wrap(paymentForm).find('[name=\"expiry_month\"]').type(\"10\");\n  cy.wrap(paymentForm).find('[name=\"expiry_year\"]').type(\"2027\");\n  cy.wrap(paymentForm).find(\"#submit\").click().wait(2000).get(\".container\").should(\"contain\", \"Order Placed!\").get('[href=\"/delete_account\"]').click();\n  cy.get(\".container\").should(\"contain\", \"Account Deleted!\").get(\".pull-right\").contains(\"Continue\").click();\n});",
              "err": {},
              "uuid": "132122c0-17e2-424d-9007-101547b0cc92",
              "parentUUID": "98d404cf-6413-477b-89a7-6b6e18fcdd63",
              "isHook": false,
              "skipped": false
            }
          ],
          "suites": [],
          "passes": [
            "132122c0-17e2-424d-9007-101547b0cc92"
          ],
          "failures": [],
          "pending": [],
          "skipped": [],
          "duration": 72274,
          "root": false,
          "rootEmpty": false,
          "_timeout": 2000
        }
      ],
      "passes": [],
      "failures": [],
      "pending": [],
      "skipped": [],
      "duration": 0,
      "root": true,
      "rootEmpty": true,
      "_timeout": 2000
    }
  ],
  "meta": {
    "mocha": {
      "version": "7.0.1"
    },
    "mochawesome": {
      "options": {
        "quiet": false,
        "reportFilename": "mochawesome",
        "saveHtml": false,
        "saveJson": true,
        "consoleReporter": "spec",
        "useInlineDiffs": false,
        "code": true
      },
      "version": "7.1.3"
    },
    "marge": {
      "options": {
        "id": "default",
        "reportDir": "cypress/reports/mocha",
        "quite": true,
        "overwrite": false,
        "html": false,
        "json": true
      },
      "version": "6.2.0"
    }
  }
}