{
  "stats": {
    "suites": 1,
    "tests": 1,
    "passes": 1,
    "pending": 0,
    "failures": 0,
    "start": "2023-12-03T03:38:48.910Z",
    "end": "2023-12-03T03:39:17.624Z",
    "duration": 28714,
    "testsRegistered": 1,
    "passPercent": 100,
    "pendingPercent": 0,
    "other": 0,
    "hasOther": false,
    "skipped": 0,
    "hasSkipped": false
  },
  "results": [
    {
      "uuid": "e4c6ca30-24a8-47bf-bb20-94e72232f296",
      "title": "",
      "fullFile": "cypress\\e2e\\testsE2E\\Add Products in Cart.cy.js",
      "file": "cypress\\e2e\\testsE2E\\Add Products in Cart.cy.js",
      "beforeHooks": [],
      "afterHooks": [],
      "tests": [],
      "suites": [
        {
          "uuid": "dba04384-011b-4857-8783-7a9476e76ef7",
          "title": "Add products to Cart",
          "fullFile": "",
          "file": "",
          "beforeHooks": [],
          "afterHooks": [],
          "tests": [
            {
              "title": "Add products to Cart",
              "fullTitle": "Add products to Cart Add products to Cart",
              "timedOut": null,
              "duration": 25824,
              "state": "passed",
              "speed": "slow",
              "pass": true,
              "fail": false,
              "pending": false,
              "context": null,
              "code": "addProductsToCart();",
              "err": {},
              "uuid": "fc66468e-223e-4d95-8d7c-3bd34db44c38",
              "parentUUID": "dba04384-011b-4857-8783-7a9476e76ef7",
              "isHook": false,
              "skipped": false
            }
          ],
          "suites": [],
          "passes": [
            "fc66468e-223e-4d95-8d7c-3bd34db44c38"
          ],
          "failures": [],
          "pending": [],
          "skipped": [],
          "duration": 25824,
          "root": false,
          "rootEmpty": false,
          "_timeout": 2000
        }
      ],
      "passes": [],
      "failures": [],
      "pending": [],
      "skipped": [],
      "duration": 0,
      "root": true,
      "rootEmpty": true,
      "_timeout": 2000
    }
  ],
  "meta": {
    "mocha": {
      "version": "7.0.1"
    },
    "mochawesome": {
      "options": {
        "quiet": false,
        "reportFilename": "mochawesome",
        "saveHtml": false,
        "saveJson": true,
        "consoleReporter": "spec",
        "useInlineDiffs": false,
        "code": true
      },
      "version": "7.1.3"
    },
    "marge": {
      "options": {
        "id": "default",
        "reportDir": "cypress/reports/mocha",
        "quite": true,
        "overwrite": false,
        "html": false,
        "json": true
      },
      "version": "6.2.0"
    }
  }
}