{
  "stats": {
    "suites": 1,
    "tests": 1,
    "passes": 1,
    "pending": 0,
    "failures": 0,
    "start": "2023-12-03T03:38:45.904Z",
    "end": "2023-12-03T03:38:46.449Z",
    "duration": 545,
    "testsRegistered": 1,
    "passPercent": 100,
    "pendingPercent": 0,
    "other": 0,
    "hasOther": false,
    "skipped": 0,
    "hasSkipped": false
  },
  "results": [
    {
      "uuid": "fd29a0a4-a177-4bfe-a311-1d27d54da526",
      "title": "",
      "fullFile": "cypress\\e2e\\apiTests\\updateUserDetail.cy.js",
      "file": "cypress\\e2e\\apiTests\\updateUserDetail.cy.js",
      "beforeHooks": [],
      "afterHooks": [],
      "tests": [],
      "suites": [
        {
          "uuid": "b7f7c712-d432-4b4e-be99-807f67dd6dc8",
          "title": "Update user detail",
          "fullFile": "",
          "file": "",
          "beforeHooks": [],
          "afterHooks": [],
          "tests": [
            {
              "title": "PUT update user details",
              "fullTitle": "Update user detail PUT update user details",
              "timedOut": null,
              "duration": 518,
              "state": "passed",
              "speed": "fast",
              "pass": true,
              "fail": false,
              "pending": false,
              "context": null,
              "code": "cy.request({\n  method: \"PUT\",\n  url: \"https://automationexercise.com/api/updateAccount\",\n  qs: {\n    name: \"Dalibora\",\n    email: \"daba@gmail.com\",\n    password: \"Aurora1983\",\n    title: \"Ms\",\n    birth_date: \"25\",\n    birth_month: \"11\",\n    birth_year: \"1993\",\n    first_name: \"Dalib\",\n    last_name: \"Ivanov\",\n    company: \"2brand\",\n    address1: \"Oplenacka 155\",\n    address2: \"Cajkina 111\",\n    country: \"Serbia\",\n    state: \"Serbia\",\n    city: \"Nis\",\n    zipcode: \"16000\",\n    mobile_number: \"381607616644\"\n  }\n}).then(response => {\n  expect(response.status).to.eq(200);\n  cy.log(response.body);\n});",
              "err": {},
              "uuid": "a09c3995-915a-4430-9f65-6bc4eb6846cf",
              "parentUUID": "b7f7c712-d432-4b4e-be99-807f67dd6dc8",
              "isHook": false,
              "skipped": false
            }
          ],
          "suites": [],
          "passes": [
            "a09c3995-915a-4430-9f65-6bc4eb6846cf"
          ],
          "failures": [],
          "pending": [],
          "skipped": [],
          "duration": 518,
          "root": false,
          "rootEmpty": false,
          "_timeout": 2000
        }
      ],
      "passes": [],
      "failures": [],
      "pending": [],
      "skipped": [],
      "duration": 0,
      "root": true,
      "rootEmpty": true,
      "_timeout": 2000
    }
  ],
  "meta": {
    "mocha": {
      "version": "7.0.1"
    },
    "mochawesome": {
      "options": {
        "quiet": false,
        "reportFilename": "mochawesome",
        "saveHtml": false,
        "saveJson": true,
        "consoleReporter": "spec",
        "useInlineDiffs": false,
        "code": true
      },
      "version": "7.1.3"
    },
    "marge": {
      "options": {
        "id": "default",
        "reportDir": "cypress/reports/mocha",
        "quite": true,
        "overwrite": false,
        "html": false,
        "json": true
      },
      "version": "6.2.0"
    }
  }
}