{
  "stats": {
    "suites": 1,
    "tests": 2,
    "passes": 2,
    "pending": 0,
    "failures": 0,
    "start": "2023-12-03T03:47:18.254Z",
    "end": "2023-12-03T03:48:05.245Z",
    "duration": 46991,
    "testsRegistered": 2,
    "passPercent": 100,
    "pendingPercent": 0,
    "other": 0,
    "hasOther": false,
    "skipped": 0,
    "hasSkipped": false
  },
  "results": [
    {
      "uuid": "162328a9-ff14-42e5-a67c-b7224d2fcce6",
      "title": "",
      "fullFile": "cypress\\e2e\\testsE2E\\Register User.cy.js",
      "file": "cypress\\e2e\\testsE2E\\Register User.cy.js",
      "beforeHooks": [],
      "afterHooks": [],
      "tests": [],
      "suites": [
        {
          "uuid": "b8fe1b0c-4d45-40a0-adaf-af1e74ba7711",
          "title": "SignUpTests",
          "fullFile": "",
          "file": "",
          "beforeHooks": [],
          "afterHooks": [],
          "tests": [
            {
              "title": "Fill in the Sign up form ",
              "fullTitle": "SignUpTests Fill in the Sign up form ",
              "timedOut": null,
              "duration": 10955,
              "state": "passed",
              "speed": "slow",
              "pass": true,
              "fail": false,
              "pending": false,
              "context": null,
              "code": "cy.visit(\"http://automationexercise.com\");\ncy.get(\"h2\").contains(\"Category\");\ncy.get(\"a\").contains(\" Signup / Login\").click();\ncy.get(\"button\").contains(\"Signup\");",
              "err": {},
              "uuid": "05008b2e-61a3-4aad-af89-bdf5594fb2e8",
              "parentUUID": "b8fe1b0c-4d45-40a0-adaf-af1e74ba7711",
              "isHook": false,
              "skipped": false
            },
            {
              "title": "fill in the sign up",
              "fullTitle": "SignUpTests fill in the sign up",
              "timedOut": null,
              "duration": 33192,
              "state": "passed",
              "speed": "slow",
              "pass": true,
              "fail": false,
              "pending": false,
              "context": null,
              "code": "cy.visit(\"https://automationexercise.com/login\");\ncy.get(\"#form\").find(\".signup-form\").then(form => {\n  cy.wrap(form).find('[placeholder=\"Email Address\"]').type(\"daba0000@gmail.com\");\n  ////change the email adress for every test run\n  cy.wrap(form).find('[placeholder=\"Name\"]').type(\"Dabaaaaaa\");\n  cy.get(\".signup-form\").find(\"form\").submit();\n  cy.get(\"#form\").find(\".login-form\").then(formSignIn => {\n    cy.wrap(formSignIn).find(\"#id_gender1\").check({\n      force: true\n    });\n    cy.wrap(formSignIn).find(\"#password\").type(\"Aurora\");\n    cy.wrap(formSignIn).find(\"#days\").select(15);\n    cy.wrap(formSignIn).find(\"#months\").select(\"December\");\n    cy.wrap(formSignIn).find(\"#years\").select(\"1983\");\n    cy.wrap(formSignIn).find(\"#newsletter\").check({\n      force: true\n    });\n    cy.wrap(formSignIn).find(\"#optin\").check({\n      force: true\n    });\n    cy.wrap(formSignIn).find(\"#first_name\").type(\"Dalibor\");\n    cy.wrap(formSignIn).find(\"#last_name\").type(\"Ivanovic\");\n    cy.wrap(formSignIn).find(\"#company\").type(\"2branddesign\");\n    cy.wrap(formSignIn).find(\"#address1\").type(\"Oplenacka 1\");\n    cy.wrap(formSignIn).find(\"#address2\").type(\"Cajkina 1\");\n    cy.wrap(formSignIn).find(\"#country\").select(\"Singapore\");\n    cy.wrap(formSignIn).find(\"#state\").type(\"Serbia\");\n    cy.wrap(formSignIn).find(\"#city\").type(\"Krusevac\");\n    cy.wrap(formSignIn).find(\"#zipcode\").type(37000);\n    cy.wrap(formSignIn).find(\"#mobile_number\").type(18666493030);\n    cy.get(\".login-form\").find('[action=\"/signup\"]').submit().wait(2000);\n    cy.get(\"#form\").find(\".container\").should(\"contain\", \"Continue\");\n    cy.get(\"#form\").find(\".container\").contains(\"Continue\").click();\n    cy.get(\"#header\").find(\".container\").should(\"contain\", \" Logged in as \");\n    cy.get(\"#header\").find(\".container\").contains(\" Delete Account\").click();\n    cy.get(\".container\").should(\"contain\", \"Account Deleted!\");\n    cy.get(\".pull-right\").contains(\"Continue\").click();\n  });\n});",
              "err": {},
              "uuid": "0a1dc126-2586-4000-b477-61c8c9b5baf6",
              "parentUUID": "b8fe1b0c-4d45-40a0-adaf-af1e74ba7711",
              "isHook": false,
              "skipped": false
            }
          ],
          "suites": [],
          "passes": [
            "05008b2e-61a3-4aad-af89-bdf5594fb2e8",
            "0a1dc126-2586-4000-b477-61c8c9b5baf6"
          ],
          "failures": [],
          "pending": [],
          "skipped": [],
          "duration": 44147,
          "root": false,
          "rootEmpty": false,
          "_timeout": 2000
        }
      ],
      "passes": [],
      "failures": [],
      "pending": [],
      "skipped": [],
      "duration": 0,
      "root": true,
      "rootEmpty": true,
      "_timeout": 2000
    }
  ],
  "meta": {
    "mocha": {
      "version": "7.0.1"
    },
    "mochawesome": {
      "options": {
        "quiet": false,
        "reportFilename": "mochawesome",
        "saveHtml": false,
        "saveJson": true,
        "consoleReporter": "spec",
        "useInlineDiffs": false,
        "code": true
      },
      "version": "7.1.3"
    },
    "marge": {
      "options": {
        "id": "default",
        "reportDir": "cypress/reports/mocha",
        "quite": true,
        "overwrite": false,
        "html": false,
        "json": true
      },
      "version": "6.2.0"
    }
  }
}