{
  "stats": {
    "suites": 1,
    "tests": 1,
    "passes": 1,
    "pending": 0,
    "failures": 0,
    "start": "2023-12-03T03:38:33.905Z",
    "end": "2023-12-03T03:38:34.563Z",
    "duration": 658,
    "testsRegistered": 1,
    "passPercent": 100,
    "pendingPercent": 0,
    "other": 0,
    "hasOther": false,
    "skipped": 0,
    "hasSkipped": false
  },
  "results": [
    {
      "uuid": "abfc2867-5542-4c7f-b9c8-1e2dcd3093cc",
      "title": "",
      "fullFile": "cypress\\e2e\\apiTests\\GetAllProducts.cy.js",
      "file": "cypress\\e2e\\apiTests\\GetAllProducts.cy.js",
      "beforeHooks": [],
      "afterHooks": [],
      "tests": [],
      "suites": [
        {
          "uuid": "5eb251ce-47f7-4175-ad92-7845b306d2ed",
          "title": "Get all Products list",
          "fullFile": "",
          "file": "",
          "beforeHooks": [],
          "afterHooks": [],
          "tests": [
            {
              "title": "get all Products list",
              "fullTitle": "Get all Products list get all Products list",
              "timedOut": null,
              "duration": 619,
              "state": "passed",
              "speed": "fast",
              "pass": true,
              "fail": false,
              "pending": false,
              "context": null,
              "code": "cy.request({\n  method: \"GET\",\n  url: \"https://automationexercise.com/api/productsList\",\n  failOnStatusCode: false\n}).as(\"productsList\");\ncy.get(\"@productsList\").its(\"status\").should(\"eq\", 200);\ncy.get(\"@productsList\").then(response => {\n  cy.log(JSON.stringify(response.body));\n  cy.log(JSON.parse(response.body));\n  const data = JSON.parse(response.body);\n  expect(data.responseCode).to.eq(200);\n  expect(data.products[0].id).to.eq(1);\n  expect(data.products[0].name).to.eq(\"Blue Top\");\n  expect(data.products[0].price).to.eq(\"Rs. 500\");\n  expect(data.products[0].brand).to.eq(\"Polo\");\n  expect(data.products[0].category.usertype.usertype).to.eq(\"Women\");\n  expect(data.products[0].category.category).to.eq(\"Tops\");\n});",
              "err": {},
              "uuid": "ddf3cd96-5390-4e65-abf0-2c8dbb9b113d",
              "parentUUID": "5eb251ce-47f7-4175-ad92-7845b306d2ed",
              "isHook": false,
              "skipped": false
            }
          ],
          "suites": [],
          "passes": [
            "ddf3cd96-5390-4e65-abf0-2c8dbb9b113d"
          ],
          "failures": [],
          "pending": [],
          "skipped": [],
          "duration": 619,
          "root": false,
          "rootEmpty": false,
          "_timeout": 2000
        }
      ],
      "passes": [],
      "failures": [],
      "pending": [],
      "skipped": [],
      "duration": 0,
      "root": true,
      "rootEmpty": true,
      "_timeout": 2000
    }
  ],
  "meta": {
    "mocha": {
      "version": "7.0.1"
    },
    "mochawesome": {
      "options": {
        "quiet": false,
        "reportFilename": "mochawesome",
        "saveHtml": false,
        "saveJson": true,
        "consoleReporter": "spec",
        "useInlineDiffs": false,
        "code": true
      },
      "version": "7.1.3"
    },
    "marge": {
      "options": {
        "id": "default",
        "reportDir": "cypress/reports/mocha",
        "quite": true,
        "overwrite": false,
        "html": false,
        "json": true
      },
      "version": "6.2.0"
    }
  }
}