{
  "stats": {
    "suites": 1,
    "tests": 1,
    "passes": 1,
    "pending": 0,
    "failures": 0,
    "start": "2023-12-03T03:48:36.079Z",
    "end": "2023-12-03T03:48:57.634Z",
    "duration": 21555,
    "testsRegistered": 1,
    "passPercent": 100,
    "pendingPercent": 0,
    "other": 0,
    "hasOther": false,
    "skipped": 0,
    "hasSkipped": false
  },
  "results": [
    {
      "uuid": "98412c82-a6be-47e6-9253-aa811adb9b71",
      "title": "",
      "fullFile": "cypress\\e2e\\testsE2E\\Search Product.cy.js",
      "file": "cypress\\e2e\\testsE2E\\Search Product.cy.js",
      "beforeHooks": [],
      "afterHooks": [],
      "tests": [],
      "suites": [
        {
          "uuid": "05b153a4-46f9-478c-bf94-aba9a6fd3da5",
          "title": "Search product",
          "fullFile": "",
          "file": "",
          "beforeHooks": [],
          "afterHooks": [],
          "tests": [
            {
              "title": "Search Products",
              "fullTitle": "Search product Search Products",
              "timedOut": null,
              "duration": 18569,
              "state": "passed",
              "speed": "slow",
              "pass": true,
              "fail": false,
              "pending": false,
              "context": null,
              "code": "searchProducts();",
              "err": {},
              "uuid": "6a1aa81f-2e86-4703-a731-bd282d8425ea",
              "parentUUID": "05b153a4-46f9-478c-bf94-aba9a6fd3da5",
              "isHook": false,
              "skipped": false
            }
          ],
          "suites": [],
          "passes": [
            "6a1aa81f-2e86-4703-a731-bd282d8425ea"
          ],
          "failures": [],
          "pending": [],
          "skipped": [],
          "duration": 18569,
          "root": false,
          "rootEmpty": false,
          "_timeout": 2000
        }
      ],
      "passes": [],
      "failures": [],
      "pending": [],
      "skipped": [],
      "duration": 0,
      "root": true,
      "rootEmpty": true,
      "_timeout": 2000
    }
  ],
  "meta": {
    "mocha": {
      "version": "7.0.1"
    },
    "mochawesome": {
      "options": {
        "quiet": false,
        "reportFilename": "mochawesome",
        "saveHtml": false,
        "saveJson": true,
        "consoleReporter": "spec",
        "useInlineDiffs": false,
        "code": true
      },
      "version": "7.1.3"
    },
    "marge": {
      "options": {
        "id": "default",
        "reportDir": "cypress/reports/mocha",
        "quite": true,
        "overwrite": false,
        "html": false,
        "json": true
      },
      "version": "6.2.0"
    }
  }
}