{
  "stats": {
    "suites": 1,
    "tests": 1,
    "passes": 1,
    "pending": 0,
    "failures": 0,
    "start": "2023-12-03T03:49:57.751Z",
    "end": "2023-12-03T03:50:56.804Z",
    "duration": 59053,
    "testsRegistered": 1,
    "passPercent": 100,
    "pendingPercent": 0,
    "other": 0,
    "hasOther": false,
    "skipped": 0,
    "hasSkipped": false
  },
  "results": [
    {
      "uuid": "931cb4f0-0271-42d4-ba9d-c23671b8e2cb",
      "title": "",
      "fullFile": "cypress\\e2e\\testsE2E\\Verify address details in checkout page.cy.js",
      "file": "cypress\\e2e\\testsE2E\\Verify address details in checkout page.cy.js",
      "beforeHooks": [],
      "afterHooks": [],
      "tests": [],
      "suites": [
        {
          "uuid": "8936e70f-efd9-4645-80b2-99b053a2608c",
          "title": "Verify address details in checkout page",
          "fullFile": "",
          "file": "",
          "beforeHooks": [],
          "afterHooks": [],
          "tests": [
            {
              "title": "Verify address details in checkout page",
              "fullTitle": "Verify address details in checkout page Verify address details in checkout page",
              "timedOut": null,
              "duration": 56743,
              "state": "passed",
              "speed": "slow",
              "pass": true,
              "fail": false,
              "pending": false,
              "context": null,
              "code": "visitHomePage();\ncreateAccount(\"mark198ww3@gmail.com\", \"Aurora\");\naddProductsToCart();\ncy.get(\".container\").contains(\"Proceed To Checkout\").click();\ncy.get(\"#address_delivery\").contains(\"Oplenacka 1\").invoke(\"text\").as(\"adressOne\");\ncy.get(\"#address_invoice\").contains(\"Oplenacka 1\").invoke(\"text\").as(\"adressTwo\");\ncy.get(\"@adressOne\").then(adressOne => {\n  cy.get(\"@adressTwo\").then(adressTwo => {\n    expect(adressTwo).to.eq(adressOne);\n  });\n});\ncy.get('[href=\"/delete_account\"]').contains(\" Delete Account\").click();\ncy.get(\".container\").contains(\"Account Deleted\").should(\"exist\").get('[href=\"/\"]').contains(\"Continue\").click();",
              "err": {},
              "uuid": "f74bf5fd-2516-46a4-9d91-e49a533b4bc1",
              "parentUUID": "8936e70f-efd9-4645-80b2-99b053a2608c",
              "isHook": false,
              "skipped": false
            }
          ],
          "suites": [],
          "passes": [
            "f74bf5fd-2516-46a4-9d91-e49a533b4bc1"
          ],
          "failures": [],
          "pending": [],
          "skipped": [],
          "duration": 56743,
          "root": false,
          "rootEmpty": false,
          "_timeout": 2000
        }
      ],
      "passes": [],
      "failures": [],
      "pending": [],
      "skipped": [],
      "duration": 0,
      "root": true,
      "rootEmpty": true,
      "_timeout": 2000
    }
  ],
  "meta": {
    "mocha": {
      "version": "7.0.1"
    },
    "mochawesome": {
      "options": {
        "quiet": false,
        "reportFilename": "mochawesome",
        "saveHtml": false,
        "saveJson": true,
        "consoleReporter": "spec",
        "useInlineDiffs": false,
        "code": true
      },
      "version": "7.1.3"
    },
    "marge": {
      "options": {
        "id": "default",
        "reportDir": "cypress/reports/mocha",
        "quite": true,
        "overwrite": false,
        "html": false,
        "json": true
      },
      "version": "6.2.0"
    }
  }
}