{
  "stats": {
    "suites": 1,
    "tests": 1,
    "passes": 1,
    "pending": 0,
    "failures": 0,
    "start": "2023-12-03T03:52:13.853Z",
    "end": "2023-12-03T03:52:26.502Z",
    "duration": 12649,
    "testsRegistered": 1,
    "passPercent": 100,
    "pendingPercent": 0,
    "other": 0,
    "hasOther": false,
    "skipped": 0,
    "hasSkipped": false
  },
  "results": [
    {
      "uuid": "a21940c2-28f2-4074-9d50-6c8fe3c0d6a9",
      "title": "",
      "fullFile": "cypress\\e2e\\testsE2E\\Verify Subscription in Cart page.cy.js",
      "file": "cypress\\e2e\\testsE2E\\Verify Subscription in Cart page.cy.js",
      "beforeHooks": [],
      "afterHooks": [],
      "tests": [],
      "suites": [
        {
          "uuid": "9b48719d-34d9-492b-800f-111897536941",
          "title": "Verify subscription home Page",
          "fullFile": "",
          "file": "",
          "beforeHooks": [],
          "afterHooks": [],
          "tests": [
            {
              "title": "Verify subscription in Home Page",
              "fullTitle": "Verify subscription home Page Verify subscription in Home Page",
              "timedOut": null,
              "duration": 9918,
              "state": "passed",
              "speed": "medium",
              "pass": true,
              "fail": false,
              "pending": false,
              "context": null,
              "code": "verifySubscription();",
              "err": {},
              "uuid": "ee29f175-184b-4530-a50f-1707992d141d",
              "parentUUID": "9b48719d-34d9-492b-800f-111897536941",
              "isHook": false,
              "skipped": false
            }
          ],
          "suites": [],
          "passes": [
            "ee29f175-184b-4530-a50f-1707992d141d"
          ],
          "failures": [],
          "pending": [],
          "skipped": [],
          "duration": 9918,
          "root": false,
          "rootEmpty": false,
          "_timeout": 2000
        }
      ],
      "passes": [],
      "failures": [],
      "pending": [],
      "skipped": [],
      "duration": 0,
      "root": true,
      "rootEmpty": true,
      "_timeout": 2000
    }
  ],
  "meta": {
    "mocha": {
      "version": "7.0.1"
    },
    "mochawesome": {
      "options": {
        "quiet": false,
        "reportFilename": "mochawesome",
        "saveHtml": false,
        "saveJson": true,
        "consoleReporter": "spec",
        "useInlineDiffs": false,
        "code": true
      },
      "version": "7.1.3"
    },
    "marge": {
      "options": {
        "id": "default",
        "reportDir": "cypress/reports/mocha",
        "quite": true,
        "overwrite": false,
        "html": false,
        "json": true
      },
      "version": "6.2.0"
    }
  }
}