{
  "stats": {
    "suites": 1,
    "tests": 1,
    "passes": 1,
    "pending": 0,
    "failures": 0,
    "start": "2023-12-03T03:52:28.637Z",
    "end": "2023-12-03T03:52:39.360Z",
    "duration": 10723,
    "testsRegistered": 1,
    "passPercent": 100,
    "pendingPercent": 0,
    "other": 0,
    "hasOther": false,
    "skipped": 0,
    "hasSkipped": false
  },
  "results": [
    {
      "uuid": "a1db75f8-af9c-4a6c-8974-b149e45f8ed4",
      "title": "",
      "fullFile": "cypress\\e2e\\testsE2E\\Verify Subscription in Home page.cy.js",
      "file": "cypress\\e2e\\testsE2E\\Verify Subscription in Home page.cy.js",
      "beforeHooks": [],
      "afterHooks": [],
      "tests": [],
      "suites": [
        {
          "uuid": "71db88fc-d068-4622-a7e6-9ba72da54244",
          "title": "Verify subscription home Page",
          "fullFile": "",
          "file": "",
          "beforeHooks": [],
          "afterHooks": [],
          "tests": [
            {
              "title": "Verify subscription in Home Page",
              "fullTitle": "Verify subscription home Page Verify subscription in Home Page",
              "timedOut": null,
              "duration": 8461,
              "state": "passed",
              "speed": "medium",
              "pass": true,
              "fail": false,
              "pending": false,
              "context": null,
              "code": "verifySubscription();",
              "err": {},
              "uuid": "b8b6f2f4-f662-4958-955f-4af0fae5a723",
              "parentUUID": "71db88fc-d068-4622-a7e6-9ba72da54244",
              "isHook": false,
              "skipped": false
            }
          ],
          "suites": [],
          "passes": [
            "b8b6f2f4-f662-4958-955f-4af0fae5a723"
          ],
          "failures": [],
          "pending": [],
          "skipped": [],
          "duration": 8461,
          "root": false,
          "rootEmpty": false,
          "_timeout": 2000
        }
      ],
      "passes": [],
      "failures": [],
      "pending": [],
      "skipped": [],
      "duration": 0,
      "root": true,
      "rootEmpty": true,
      "_timeout": 2000
    }
  ],
  "meta": {
    "mocha": {
      "version": "7.0.1"
    },
    "mochawesome": {
      "options": {
        "quiet": false,
        "reportFilename": "mochawesome",
        "saveHtml": false,
        "saveJson": true,
        "consoleReporter": "spec",
        "useInlineDiffs": false,
        "code": true
      },
      "version": "7.1.3"
    },
    "marge": {
      "options": {
        "id": "default",
        "reportDir": "cypress/reports/mocha",
        "quite": true,
        "overwrite": false,
        "html": false,
        "json": true
      },
      "version": "6.2.0"
    }
  }
}