{
  "stats": {
    "suites": 1,
    "tests": 1,
    "passes": 1,
    "pending": 0,
    "failures": 0,
    "start": "2023-12-03T03:51:19.236Z",
    "end": "2023-12-03T03:51:45.684Z",
    "duration": 26448,
    "testsRegistered": 1,
    "passPercent": 100,
    "pendingPercent": 0,
    "other": 0,
    "hasOther": false,
    "skipped": 0,
    "hasSkipped": false
  },
  "results": [
    {
      "uuid": "c0e52dac-7a9f-4db8-a64c-f64f168124eb",
      "title": "",
      "fullFile": "cypress\\e2e\\testsE2E\\Verify product quantity in Cart.cy.js",
      "file": "cypress\\e2e\\testsE2E\\Verify product quantity in Cart.cy.js",
      "beforeHooks": [],
      "afterHooks": [],
      "tests": [],
      "suites": [
        {
          "uuid": "3bb4f965-845a-4488-b682-42a722ab03f8",
          "title": "Verify quantity in Cart",
          "fullFile": "",
          "file": "",
          "beforeHooks": [],
          "afterHooks": [],
          "tests": [
            {
              "title": "Verify product quantity in cart",
              "fullTitle": "Verify quantity in Cart Verify product quantity in cart",
              "timedOut": null,
              "duration": 23615,
              "state": "passed",
              "speed": "slow",
              "pass": true,
              "fail": false,
              "pending": false,
              "context": null,
              "code": "verifyQuantity();",
              "err": {},
              "uuid": "d91d9dff-e982-47fa-866f-dfc2ea6811f4",
              "parentUUID": "3bb4f965-845a-4488-b682-42a722ab03f8",
              "isHook": false,
              "skipped": false
            }
          ],
          "suites": [],
          "passes": [
            "d91d9dff-e982-47fa-866f-dfc2ea6811f4"
          ],
          "failures": [],
          "pending": [],
          "skipped": [],
          "duration": 23615,
          "root": false,
          "rootEmpty": false,
          "_timeout": 2000
        }
      ],
      "passes": [],
      "failures": [],
      "pending": [],
      "skipped": [],
      "duration": 0,
      "root": true,
      "rootEmpty": true,
      "_timeout": 2000
    }
  ],
  "meta": {
    "mocha": {
      "version": "7.0.1"
    },
    "mochawesome": {
      "options": {
        "quiet": false,
        "reportFilename": "mochawesome",
        "saveHtml": false,
        "saveJson": true,
        "consoleReporter": "spec",
        "useInlineDiffs": false,
        "code": true
      },
      "version": "7.1.3"
    },
    "marge": {
      "options": {
        "id": "default",
        "reportDir": "cypress/reports/mocha",
        "quite": true,
        "overwrite": false,
        "html": false,
        "json": true
      },
      "version": "6.2.0"
    }
  }
}