{
  "stats": {
    "suites": 1,
    "tests": 1,
    "passes": 1,
    "pending": 0,
    "failures": 0,
    "start": "2023-12-03T03:40:51.887Z",
    "end": "2023-12-03T03:42:09.592Z",
    "duration": 77705,
    "testsRegistered": 1,
    "passPercent": 100,
    "pendingPercent": 0,
    "other": 0,
    "hasOther": false,
    "skipped": 0,
    "hasSkipped": false
  },
  "results": [
    {
      "uuid": "93370bea-027b-4fd0-8edb-f13429d5ea96",
      "title": "",
      "fullFile": "cypress\\e2e\\testsE2E\\Download Invoice after purchase order.cy.js",
      "file": "cypress\\e2e\\testsE2E\\Download Invoice after purchase order.cy.js",
      "beforeHooks": [],
      "afterHooks": [],
      "tests": [],
      "suites": [
        {
          "uuid": "c148dd46-a984-4edc-8a65-fdac646dc6be",
          "title": "Download Invoice after purchase order",
          "fullFile": "",
          "file": "",
          "beforeHooks": [],
          "afterHooks": [],
          "tests": [
            {
              "title": "Download Invoice after purchase order",
              "fullTitle": "Download Invoice after purchase order Download Invoice after purchase order",
              "timedOut": null,
              "duration": 75289,
              "state": "passed",
              "speed": "slow",
              "pass": true,
              "fail": false,
              "pending": false,
              "context": null,
              "code": "visitHomePage();\naddProductsToCart();\ncreateAccount(\"a45r@gmail.com\", \"Aurora\");\ncy.get(\".container\").contains(\" Cart\").click();\ncy.get(\".container\").contains(\"Proceed To Checkout\").click();\ncy.get(\"#address_delivery\").contains(\"Oplenacka 1\").invoke(\"text\").as(\"adressOne\");\ncy.get(\"#address_invoice\").contains(\"Oplenacka 1\").invoke(\"text\").as(\"adressTwo\");\ncy.get(\"@adressOne\").then(adressOne => {\n  cy.get(\"@adressTwo\").then(adressTwo => {\n    expect(adressTwo).to.eq(adressOne);\n  });\n}).get(\".form-control\").type(\"My comment\").get('[href=\"/payment\"]').contains(\"Place Order\").click().wait(3000);\nfillThePaymentForm();\ncy.get(\".container\").should(\"contain\", \"Order Placed!\");\ncy.get(\".container\").should(\"contain\", \"Download Invoice\");\ncy.downloadFile(\"https://www.automationexercise.com/download_invoice/1400\", \"cypress/downloads\", \"invoice.txt\");\ncy.readFile(\"cypress/downloads/invoice.txt\").should(\"contain\", \"Hi Dalibor Ivanovic, Your total purchase amount is 1400. Thank you\");\ncy.get(\".container\").contains(\"Continue\");\ncy.get('[href=\"/delete_account\"]').click();\ncy.get(\".container\").should(\"contain\", \"Account Deleted!\");",
              "err": {},
              "uuid": "ad8b57b7-3436-4fa6-b815-13c0b18641a4",
              "parentUUID": "c148dd46-a984-4edc-8a65-fdac646dc6be",
              "isHook": false,
              "skipped": false
            }
          ],
          "suites": [],
          "passes": [
            "ad8b57b7-3436-4fa6-b815-13c0b18641a4"
          ],
          "failures": [],
          "pending": [],
          "skipped": [],
          "duration": 75289,
          "root": false,
          "rootEmpty": false,
          "_timeout": 2000
        }
      ],
      "passes": [],
      "failures": [],
      "pending": [],
      "skipped": [],
      "duration": 0,
      "root": true,
      "rootEmpty": true,
      "_timeout": 2000
    }
  ],
  "meta": {
    "mocha": {
      "version": "7.0.1"
    },
    "mochawesome": {
      "options": {
        "quiet": false,
        "reportFilename": "mochawesome",
        "saveHtml": false,
        "saveJson": true,
        "consoleReporter": "spec",
        "useInlineDiffs": false,
        "code": true
      },
      "version": "7.1.3"
    },
    "marge": {
      "options": {
        "id": "default",
        "reportDir": "cypress/reports/mocha",
        "quite": true,
        "overwrite": false,
        "html": false,
        "json": true
      },
      "version": "6.2.0"
    }
  }
}