{
  "stats": {
    "suites": 1,
    "tests": 1,
    "passes": 1,
    "pending": 0,
    "failures": 0,
    "start": "2023-12-03T03:38:30.876Z",
    "end": "2023-12-03T03:38:31.538Z",
    "duration": 662,
    "testsRegistered": 1,
    "passPercent": 100,
    "pendingPercent": 0,
    "other": 0,
    "hasOther": false,
    "skipped": 0,
    "hasSkipped": false
  },
  "results": [
    {
      "uuid": "f8962287-be0c-452d-8117-b07bbc2ceeef",
      "title": "",
      "fullFile": "cypress\\e2e\\apiTests\\GetAllBrands.cy.js",
      "file": "cypress\\e2e\\apiTests\\GetAllBrands.cy.js",
      "beforeHooks": [],
      "afterHooks": [],
      "tests": [],
      "suites": [
        {
          "uuid": "96e23f88-495f-466b-9f5e-54aefe4764b0",
          "title": "Get all Brands",
          "fullFile": "",
          "file": "",
          "beforeHooks": [],
          "afterHooks": [],
          "tests": [
            {
              "title": "get all Brands list",
              "fullTitle": "Get all Brands get all Brands list",
              "timedOut": null,
              "duration": 569,
              "state": "passed",
              "speed": "fast",
              "pass": true,
              "fail": false,
              "pending": false,
              "context": null,
              "code": "cy.request({\n  method: \"GET\",\n  url: \"https://automationexercise.com/api/brandsList\",\n  failOnStatusCode: false\n}).as(\"allBrands\");\ncy.get(\"@allBrands\").its(\"status\").should(\"eq\", 200);\ncy.get(\"@allBrands\").its(\"status\").should(\"eq\", 200);\ncy.get(\"@allBrands\").then(response => {\n  cy.log(JSON.stringify(response.body));\n  cy.log(JSON.parse(response.body));\n  const data = JSON.parse(response.body);\n  expect(data.responseCode).to.eq(200);\n  expect(data.brands[0].id).to.eq(1);\n  expect(data.brands[0].brand).to.eq(\"Polo\");\n});",
              "err": {},
              "uuid": "f844b1e2-f78f-4742-917a-a864587ace9d",
              "parentUUID": "96e23f88-495f-466b-9f5e-54aefe4764b0",
              "isHook": false,
              "skipped": false
            }
          ],
          "suites": [],
          "passes": [
            "f844b1e2-f78f-4742-917a-a864587ace9d"
          ],
          "failures": [],
          "pending": [],
          "skipped": [],
          "duration": 569,
          "root": false,
          "rootEmpty": false,
          "_timeout": 2000
        }
      ],
      "passes": [],
      "failures": [],
      "pending": [],
      "skipped": [],
      "duration": 0,
      "root": true,
      "rootEmpty": true,
      "_timeout": 2000
    }
  ],
  "meta": {
    "mocha": {
      "version": "7.0.1"
    },
    "mochawesome": {
      "options": {
        "quiet": false,
        "reportFilename": "mochawesome",
        "saveHtml": false,
        "saveJson": true,
        "consoleReporter": "spec",
        "useInlineDiffs": false,
        "code": true
      },
      "version": "7.1.3"
    },
    "marge": {
      "options": {
        "id": "default",
        "reportDir": "cypress/reports/mocha",
        "quite": true,
        "overwrite": false,
        "html": false,
        "json": true
      },
      "version": "6.2.0"
    }
  }
}