{
  "stats": {
    "suites": 1,
    "tests": 1,
    "passes": 1,
    "pending": 0,
    "failures": 0,
    "start": "2023-12-03T03:50:58.950Z",
    "end": "2023-12-03T03:51:17.073Z",
    "duration": 18123,
    "testsRegistered": 1,
    "passPercent": 100,
    "pendingPercent": 0,
    "other": 0,
    "hasOther": false,
    "skipped": 0,
    "hasSkipped": false
  },
  "results": [
    {
      "uuid": "1e7290b5-36e3-45e0-be81-ad0a1906878c",
      "title": "",
      "fullFile": "cypress\\e2e\\testsE2E\\Verify All Products and product detail page.cy.js",
      "file": "cypress\\e2e\\testsE2E\\Verify All Products and product detail page.cy.js",
      "beforeHooks": [],
      "afterHooks": [],
      "tests": [],
      "suites": [
        {
          "uuid": "155490d3-4223-44ef-8647-59b521741a3b",
          "title": "Verify All products",
          "fullFile": "",
          "file": "",
          "beforeHooks": [],
          "afterHooks": [],
          "tests": [
            {
              "title": "Verify All Products and product detail page",
              "fullTitle": "Verify All products Verify All Products and product detail page",
              "timedOut": null,
              "duration": 15785,
              "state": "passed",
              "speed": "slow",
              "pass": true,
              "fail": false,
              "pending": false,
              "context": null,
              "code": "verifyProducts();",
              "err": {},
              "uuid": "f9545a52-19ea-47d0-b310-c413b4da9905",
              "parentUUID": "155490d3-4223-44ef-8647-59b521741a3b",
              "isHook": false,
              "skipped": false
            }
          ],
          "suites": [],
          "passes": [
            "f9545a52-19ea-47d0-b310-c413b4da9905"
          ],
          "failures": [],
          "pending": [],
          "skipped": [],
          "duration": 15785,
          "root": false,
          "rootEmpty": false,
          "_timeout": 2000
        }
      ],
      "passes": [],
      "failures": [],
      "pending": [],
      "skipped": [],
      "duration": 0,
      "root": true,
      "rootEmpty": true,
      "_timeout": 2000
    }
  ],
  "meta": {
    "mocha": {
      "version": "7.0.1"
    },
    "mochawesome": {
      "options": {
        "quiet": false,
        "reportFilename": "mochawesome",
        "saveHtml": false,
        "saveJson": true,
        "consoleReporter": "spec",
        "useInlineDiffs": false,
        "code": true
      },
      "version": "7.1.3"
    },
    "marge": {
      "options": {
        "id": "default",
        "reportDir": "cypress/reports/mocha",
        "quite": true,
        "overwrite": false,
        "html": false,
        "json": true
      },
      "version": "6.2.0"
    }
  }
}