{
  "stats": {
    "suites": 1,
    "tests": 1,
    "passes": 1,
    "pending": 0,
    "failures": 0,
    "start": "2023-12-03T03:47:00.574Z",
    "end": "2023-12-03T03:47:16.047Z",
    "duration": 15473,
    "testsRegistered": 1,
    "passPercent": 100,
    "pendingPercent": 0,
    "other": 0,
    "hasOther": false,
    "skipped": 0,
    "hasSkipped": false
  },
  "results": [
    {
      "uuid": "368d69e0-f939-4e52-a439-c29a70900ec4",
      "title": "",
      "fullFile": "cypress\\e2e\\testsE2E\\Register a USer with an existing email.cy.js",
      "file": "cypress\\e2e\\testsE2E\\Register a USer with an existing email.cy.js",
      "beforeHooks": [],
      "afterHooks": [],
      "tests": [],
      "suites": [
        {
          "uuid": "e8d7c36d-3e3c-4cb9-993f-aba9f3dddbaf",
          "title": "Register a User with an exisiting email",
          "fullFile": "",
          "file": "",
          "beforeHooks": [],
          "afterHooks": [],
          "tests": [
            {
              "title": "Register a user with an existing email",
              "fullTitle": "Register a User with an exisiting email Register a user with an existing email",
              "timedOut": null,
              "duration": 13264,
              "state": "passed",
              "speed": "slow",
              "pass": true,
              "fail": false,
              "pending": false,
              "context": null,
              "code": "fillInSignUpData(\"daba911@gmail.com\");",
              "err": {},
              "uuid": "5e4dd24c-6309-40c6-823b-da1d0cc12a50",
              "parentUUID": "e8d7c36d-3e3c-4cb9-993f-aba9f3dddbaf",
              "isHook": false,
              "skipped": false
            }
          ],
          "suites": [],
          "passes": [
            "5e4dd24c-6309-40c6-823b-da1d0cc12a50"
          ],
          "failures": [],
          "pending": [],
          "skipped": [],
          "duration": 13264,
          "root": false,
          "rootEmpty": false,
          "_timeout": 2000
        }
      ],
      "passes": [],
      "failures": [],
      "pending": [],
      "skipped": [],
      "duration": 0,
      "root": true,
      "rootEmpty": true,
      "_timeout": 2000
    }
  ],
  "meta": {
    "mocha": {
      "version": "7.0.1"
    },
    "mochawesome": {
      "options": {
        "quiet": false,
        "reportFilename": "mochawesome",
        "saveHtml": false,
        "saveJson": true,
        "consoleReporter": "spec",
        "useInlineDiffs": false,
        "code": true
      },
      "version": "7.1.3"
    },
    "marge": {
      "options": {
        "id": "default",
        "reportDir": "cypress/reports/mocha",
        "quite": true,
        "overwrite": false,
        "html": false,
        "json": true
      },
      "version": "6.2.0"
    }
  }
}