{
  "stats": {
    "suites": 1,
    "tests": 1,
    "passes": 1,
    "pending": 0,
    "failures": 0,
    "start": "2023-12-03T03:38:36.890Z",
    "end": "2023-12-03T03:38:37.440Z",
    "duration": 550,
    "testsRegistered": 1,
    "passPercent": 100,
    "pendingPercent": 0,
    "other": 0,
    "hasOther": false,
    "skipped": 0,
    "hasSkipped": false
  },
  "results": [
    {
      "uuid": "371548c0-9ebf-4e19-b502-786f5e6adc1e",
      "title": "",
      "fullFile": "cypress\\e2e\\apiTests\\getUserDetail.cy.js",
      "file": "cypress\\e2e\\apiTests\\getUserDetail.cy.js",
      "beforeHooks": [],
      "afterHooks": [],
      "tests": [],
      "suites": [
        {
          "uuid": "c48aa672-7605-4c1a-857c-b0f857b328a5",
          "title": "Get all products list first model",
          "fullFile": "",
          "file": "",
          "beforeHooks": [],
          "afterHooks": [],
          "tests": [
            {
              "title": "Get user detail by email",
              "fullTitle": "Get all products list first model Get user detail by email",
              "timedOut": null,
              "duration": 519,
              "state": "passed",
              "speed": "fast",
              "pass": true,
              "fail": false,
              "pending": false,
              "context": null,
              "code": "cy.request({\n  method: \"GET\",\n  url: \"https://automationexercise.com/api/getUserDetailByEmail\",\n  qs: {\n    email: \"daba@gmail.com\"\n  }\n}).then(response => {\n  //Asserting the status code to be 200 for successful response\n  expect(response.status).to.eq(200);\n  cy.log(response.body);\n});",
              "err": {},
              "uuid": "2bd8b66e-a144-4a35-8688-a72ee6a34f92",
              "parentUUID": "c48aa672-7605-4c1a-857c-b0f857b328a5",
              "isHook": false,
              "skipped": false
            }
          ],
          "suites": [],
          "passes": [
            "2bd8b66e-a144-4a35-8688-a72ee6a34f92"
          ],
          "failures": [],
          "pending": [],
          "skipped": [],
          "duration": 519,
          "root": false,
          "rootEmpty": false,
          "_timeout": 2000
        }
      ],
      "passes": [],
      "failures": [],
      "pending": [],
      "skipped": [],
      "duration": 0,
      "root": true,
      "rootEmpty": true,
      "_timeout": 2000
    }
  ],
  "meta": {
    "mocha": {
      "version": "7.0.1"
    },
    "mochawesome": {
      "options": {
        "quiet": false,
        "reportFilename": "mochawesome",
        "saveHtml": false,
        "saveJson": true,
        "consoleReporter": "spec",
        "useInlineDiffs": false,
        "code": true
      },
      "version": "7.1.3"
    },
    "marge": {
      "options": {
        "id": "default",
        "reportDir": "cypress/reports/mocha",
        "quite": true,
        "overwrite": false,
        "html": false,
        "json": true
      },
      "version": "6.2.0"
    }
  }
}